app/build/intermediates/manifest_merge_blame_file/debug/manifest-merger-blame-debug-report.txt
1<?xml version="1.0" encoding="utf-8"?>
2<manifest xmlns:android="http://schemas.android.com/apk/res/android"
3    package="com.example.user"
4    android:versionCode="1"
5    android:versionName="1.0" >
6
7    <uses-sdk
8        android:minSdkVersion="21"
8-->src\main\AndroidManifest.xml
9        android:targetSdkVersion="26" />
9-->src\main\AndroidManifest.xml
10
11    <uses-permission android:name="android.permission.ACCESS_FINE_LOCATION" />
11-->src\main\AndroidManifest.xml:5:5-79
11-->src\main\AndroidManifest.xml:5:22-76
12    <uses-permission android:name="android.permission.ACCESS_COARSE_LOCATION" />
12-->src\main\AndroidManifest.xml:6:5-81
12-->src\main\AndroidManifest.xml:6:22-78
13    <uses-permission android:name="android.permission.INTERNET" />
13-->src\main\AndroidManifest.xml:7:5-67
13-->src\main\AndroidManifest.xml:7:22-64
14    <uses-permission android:name="android.permission.ACCESS_NETWORK_STATE" />
14-->src\main\AndroidManifest.xml:8:5-79
14-->src\main\AndroidManifest.xml:8:22-76
15    <uses-permission android:name="android.permission.WRITE_EXTERNAL_STORAGE" />
15-->src\main\AndroidManifest.xml:9:5-81
15-->src\main\AndroidManifest.xml:9:22-78
16    <uses-permission android:name="android.permission.READ_EXTERNAL_STORAGE" />
16-->src\main\AndroidManifest.xml:10:5-80
16-->src\main\AndroidManifest.xml:10:22-77
17
18    <uses-feature
18-->[com.google.android.gms:play-services-maps:17.0.0] AndroidManifest.xml:26:5-28:35
19        android:glEsVersion="0x00020000"
19-->[com.google.android.gms:play-services-maps:17.0.0] AndroidManifest.xml:27:9-41
20        android:required="true" />
20-->[com.google.android.gms:play-services-maps:17.0.0] AndroidManifest.xml:28:9-32
21
22    <application
22-->src\main\AndroidManifest.xml:12:5-80:19
23        android:name="com.example.user.MyApplication"
23-->src\main\AndroidManifest.xml:14:9-38
24        android:allowBackup="true"
24-->src\main\AndroidManifest.xml:15:9-35
25        android:appComponentFactory="androidx.core.app.CoreComponentFactory"
25-->[androidx.core:core:1.1.0] AndroidManifest.xml:24:18-86
26        android:configChanges="orientation|keyboardHidden|screenSize"
26-->[gr.pantrif:easy-android-splash-screen:0.0.1] AndroidManifest.xml:14:9-70
27        android:debuggable="true"
28        android:icon="@mipmap/ic_launcher"
28-->src\main\AndroidManifest.xml:16:9-43
29        android:label="@string/app_name"
29-->src\main\AndroidManifest.xml:17:9-41
30        android:roundIcon="@mipmap/ic_launcher_round"
30-->src\main\AndroidManifest.xml:18:9-54
31        android:supportsRtl="true"
31-->src\main\AndroidManifest.xml:19:9-35
32        android:testOnly="true"
33        android:theme="@style/AppTheme"
33-->src\main\AndroidManifest.xml:20:9-40
34        android:usesCleartextTraffic="true" >
34-->src\main\AndroidManifest.xml:13:9-44
35        <activity android:name="com.example.user.charityDescriptions" />
35-->src\main\AndroidManifest.xml:22:9-66
35-->src\main\AndroidManifest.xml:22:19-54
36        <activity android:name="com.example.user.CharitiesListView" />
36-->src\main\AndroidManifest.xml:23:9-55
36-->src\main\AndroidManifest.xml:23:19-52
37        <activity android:name="com.example.user.Database_Insert_Delete.DatabaseEdit" />
37-->src\main\AndroidManifest.xml:24:9-73
37-->src\main\AndroidManifest.xml:24:19-70
38        <activity android:name="com.example.user.Database_Insert_Delete.ListViewContent" />
38-->src\main\AndroidManifest.xml:25:9-76
38-->src\main\AndroidManifest.xml:25:19-73
39        <activity android:name="com.example.user.Database_Insert_Delete.DatabaseMain" />
39-->src\main\AndroidManifest.xml:26:9-73
39-->src\main\AndroidManifest.xml:26:19-70
40        <activity android:name="com.example.user.Database_Insert_Delete.HelpDatabase" />
40-->src\main\AndroidManifest.xml:27:9-73
40-->src\main\AndroidManifest.xml:27:19-70
41        <activity android:name="com.example.user.MainActivity" />
41-->src\main\AndroidManifest.xml:29:9-49
41-->src\main\AndroidManifest.xml:29:19-47
42        <activity android:name="com.example.user.CalendarActivity" />
42-->src\main\AndroidManifest.xml:30:9-54
42-->src\main\AndroidManifest.xml:30:19-51
43        <activity android:name="com.example.user.HomeActivity" />
43-->src\main\AndroidManifest.xml:31:9-50
43-->src\main\AndroidManifest.xml:31:19-47
44        <activity android:name="com.example.user.EmailVerify" />
44-->src\main\AndroidManifest.xml:32:9-49
44-->src\main\AndroidManifest.xml:32:19-46
45        <activity android:name="com.example.user.RegPage" />
45-->src\main\AndroidManifest.xml:33:9-45
45-->src\main\AndroidManifest.xml:33:19-42
46        <activity android:name="com.example.user.LoginActivity2" />
46-->src\main\AndroidManifest.xml:34:9-52
46-->src\main\AndroidManifest.xml:34:19-49
47        <activity android:name="com.example.user.Rbl" />
47-->src\main\AndroidManifest.xml:35:9-40
47-->src\main\AndroidManifest.xml:35:19-38
48        <activity android:name="com.example.user.Mmcs" />
48-->src\main\AndroidManifest.xml:36:9-42
48-->src\main\AndroidManifest.xml:36:19-39
49        <activity android:name="com.example.user.Cruk" />
49-->src\main\AndroidManifest.xml:37:9-42
49-->src\main\AndroidManifest.xml:37:19-39
50        <activity android:name="com.example.user.Brc" />
50-->src\main\AndroidManifest.xml:38:9-41
50-->src\main\AndroidManifest.xml:38:19-38
51        <activity android:name="com.example.user.Bhf" />
51-->src\main\AndroidManifest.xml:39:9-41
51-->src\main\AndroidManifest.xml:39:19-38
52        <activity android:name="com.example.user.IntroActivity" />
52-->src\main\AndroidManifest.xml:41:9-60
52-->src\main\AndroidManifest.xml:41:19-48
53        <activity android:name="com.example.user.ChangePassword" />
53-->src\main\AndroidManifest.xml:42:9-51
53-->src\main\AndroidManifest.xml:42:19-49
54        <activity android:name="com.example.user.AddCard" />
54-->src\main\AndroidManifest.xml:43:9-45
54-->src\main\AndroidManifest.xml:43:19-42
55        <activity android:name="com.example.user.ProfilePage" />
55-->src\main\AndroidManifest.xml:44:9-49
55-->src\main\AndroidManifest.xml:44:19-46
56        <activity android:name="com.example.user.UpdateInfo" />
56-->src\main\AndroidManifest.xml:45:9-48
56-->src\main\AndroidManifest.xml:45:19-45
57        <activity android:name="com.example.user.DonateActivity" />
57-->src\main\AndroidManifest.xml:46:9-52
57-->src\main\AndroidManifest.xml:46:19-49
58        <activity
58-->src\main\AndroidManifest.xml:47:9-67
59            android:name="com.example.user.Badges"
59-->src\main\AndroidManifest.xml:47:19-41
60            android:exported="true" />
60-->src\main\AndroidManifest.xml:47:42-65
61        <activity android:name="com.example.user.Charitieslist" />
61-->src\main\AndroidManifest.xml:48:9-51
61-->src\main\AndroidManifest.xml:48:19-48
62
63        <meta-data
63-->src\main\AndroidManifest.xml:50:9-52:55
64            android:name="com.google.android.geo.API_KEY"
64-->src\main\AndroidManifest.xml:51:13-58
65            android:value="@string/google_maps_key" />
65-->src\main\AndroidManifest.xml:52:13-52
66
67        <activity android:name="com.example.user.UserLocationMap" />
67-->src\main\AndroidManifest.xml:54:9-53
67-->src\main\AndroidManifest.xml:54:19-50
68        <activity android:name="com.example.user.Main2Activity" />
68-->src\main\AndroidManifest.xml:55:8-49
68-->src\main\AndroidManifest.xml:55:18-47
69        <activity android:name="com.example.user.Splashscreen" >
69-->src\main\AndroidManifest.xml:56:9-65:20
69-->src\main\AndroidManifest.xml:56:19-47
70            <intent-filter>
70-->src\main\AndroidManifest.xml:57:13-60:29
71                <action android:name="android.intent.action.MAIN" />
71-->src\main\AndroidManifest.xml:58:17-69
71-->src\main\AndroidManifest.xml:58:25-66
72
73                <category android:name="android.intent.category.LAUNCHER" />
73-->src\main\AndroidManifest.xml:59:17-77
73-->src\main\AndroidManifest.xml:59:27-74
74            </intent-filter>
75
76            <meta-data
76-->src\main\AndroidManifest.xml:62:13-64:61
77                android:name="preloaded_fonts"
77-->src\main\AndroidManifest.xml:63:17-47
78                android:resource="@array/preloaded_fonts" />
78-->src\main\AndroidManifest.xml:64:17-58
79        </activity>
80        <activity
80-->src\main\AndroidManifest.xml:66:9-74:20
81            android:name="com.braintreepayments.api.BraintreeBrowserSwitchActivity"
81-->src\main\AndroidManifest.xml:66:19-90
82            android:launchMode="singleTask" >
82-->src\main\AndroidManifest.xml:67:13-44
83            <intent-filter>
83-->src\main\AndroidManifest.xml:68:13-73:29
84                <action android:name="android.intent.action.VIEW" />
84-->src\main\AndroidManifest.xml:69:17-69
84-->src\main\AndroidManifest.xml:69:25-66
85
86                <category android:name="android.intent.category.DEFAULT" />
86-->src\main\AndroidManifest.xml:70:17-76
86-->src\main\AndroidManifest.xml:70:27-73
87                <category android:name="android.intent.category.BROWSABLE" />
87-->src\main\AndroidManifest.xml:71:17-78
87-->src\main\AndroidManifest.xml:71:27-75
88
89                <data android:scheme="com.example.braintree.braintree" />
89-->src\main\AndroidManifest.xml:72:17-74
89-->src\main\AndroidManifest.xml:72:23-71
90            </intent-filter>
91        </activity>
92
93        <uses-library
93-->src\main\AndroidManifest.xml:76:9-78:40
94            android:name="org.apache.http.legacy"
94-->src\main\AndroidManifest.xml:77:13-50
95            android:required="false" />
95-->src\main\AndroidManifest.xml:78:13-37
96
97        <activity
97-->[com.braintreepayments.api:drop-in:3.7.1] AndroidManifest.xml:18:9-20:62
98            android:name="com.braintreepayments.api.threedsecure.ThreeDSecureWebViewActivity"
98-->[com.braintreepayments.api:drop-in:3.7.1] AndroidManifest.xml:19:13-94
99            android:theme="@style/bt_three_d_secure_theme" />
99-->[com.braintreepayments.api:drop-in:3.7.1] AndroidManifest.xml:20:13-59
100        <activity
100-->[com.braintreepayments.api:drop-in:3.7.1] AndroidManifest.xml:21:9-23:64
101            android:name="com.braintreepayments.api.dropin.DropInActivity"
101-->[com.braintreepayments.api:drop-in:3.7.1] AndroidManifest.xml:22:13-75
102            android:theme="@style/bt_drop_in_activity_theme" />
102-->[com.braintreepayments.api:drop-in:3.7.1] AndroidManifest.xml:23:13-61
103        <activity
103-->[com.braintreepayments.api:drop-in:3.7.1] AndroidManifest.xml:24:9-26:65
104            android:name="com.braintreepayments.api.dropin.AddCardActivity"
104-->[com.braintreepayments.api:drop-in:3.7.1] AndroidManifest.xml:25:13-76
105            android:theme="@style/bt_add_card_activity_theme" />
105-->[com.braintreepayments.api:drop-in:3.7.1] AndroidManifest.xml:26:13-62
106        <activity
106-->[com.braintreepayments.api:drop-in:3.7.1] AndroidManifest.xml:27:9-29:70
107            android:name="com.braintreepayments.api.dropin.VaultManagerActivity"
107-->[com.braintreepayments.api:drop-in:3.7.1] AndroidManifest.xml:28:13-81
108            android:theme="@style/bt_vault_manager_activity_theme" />
108-->[com.braintreepayments.api:drop-in:3.7.1] AndroidManifest.xml:29:13-67
109        <activity
109-->[com.google.android.gms:play-services-base:17.0.0] AndroidManifest.xml:23:9-26:75
110            android:name="com.google.android.gms.common.api.GoogleApiActivity"
110-->[com.google.android.gms:play-services-base:17.0.0] AndroidManifest.xml:24:13-79
111            android:exported="false"
111-->[com.google.android.gms:play-services-base:17.0.0] AndroidManifest.xml:25:13-37
112            android:theme="@android:style/Theme.Translucent.NoTitleBar" />
112-->[com.google.android.gms:play-services-base:17.0.0] AndroidManifest.xml:26:13-72
113
114        <meta-data
114-->[com.google.android.gms:play-services-basement:17.0.0] AndroidManifest.xml:23:9-25:69
115            android:name="com.google.android.gms.version"
115-->[com.google.android.gms:play-services-basement:17.0.0] AndroidManifest.xml:24:13-58
116            android:value="@integer/google_play_services_version" />
116-->[com.google.android.gms:play-services-basement:17.0.0] AndroidManifest.xml:25:13-66
117
118        <activity
118-->[com.braintreepayments.api:braintree:2.18.1] AndroidManifest.xml:15:9-17:62
119            android:name="com.braintreepayments.api.AndroidPayActivity"
119-->[com.braintreepayments.api:braintree:2.18.1] AndroidManifest.xml:16:13-72
120            android:theme="@style/bt_transparent_activity" />
120-->[com.braintreepayments.api:braintree:2.18.1] AndroidManifest.xml:17:13-59
121        <activity
121-->[com.braintreepayments.api:braintree:2.18.1] AndroidManifest.xml:18:9-20:62
122            android:name="com.braintreepayments.api.GooglePaymentActivity"
122-->[com.braintreepayments.api:braintree:2.18.1] AndroidManifest.xml:19:13-75
123            android:theme="@style/bt_transparent_activity" />
123-->[com.braintreepayments.api:braintree:2.18.1] AndroidManifest.xml:20:13-59
124
125        <service android:name="com.braintreepayments.api.internal.AnalyticsIntentService" />
125-->[com.braintreepayments.api:braintree:2.18.1] AndroidManifest.xml:23:9-93
125-->[com.braintreepayments.api:braintree:2.18.1] AndroidManifest.xml:23:18-90
126    </application>
127
128</manifest>